<?xml version="1.0" encoding="UTF-8"?>
<coverage generated="1585987310503" clover="3.2.0">
  <project timestamp="1585987310503" name="All files">
    <metrics statements="50" coveredstatements="44" conditionals="27" coveredconditionals="25" methods="28" coveredmethods="24" elements="105" coveredelements="93" complexity="0" loc="50" ncloc="50" packages="1" files="1" classes="1"/>
    <file name="plugin.js" path="/home/shailen/Desktop/Personal/vue-view-model-api/src/plugin.js">
      <metrics statements="50" coveredstatements="44" conditionals="27" coveredconditionals="25" methods="28" coveredmethods="24"/>
      <line num="1" count="5" type="stmt"/>
      <line num="2" count="200" type="cond" truecount="1" falsecount="1"/>
      <line num="3" count="0" type="stmt"/>
      <line num="5" count="0" type="stmt"/>
      <line num="8" count="200" type="stmt"/>
      <line num="12" count="5" type="stmt"/>
      <line num="13" count="20" type="stmt"/>
      <line num="15" count="20" type="cond" truecount="1" falsecount="1"/>
      <line num="16" count="20" type="stmt"/>
      <line num="19" count="20" type="stmt"/>
      <line num="20" count="1" type="stmt"/>
      <line num="24" count="5" type="stmt"/>
      <line num="25" count="25" type="cond" truecount="1" falsecount="0"/>
      <line num="27" count="11" type="cond" truecount="1" falsecount="0"/>
      <line num="31" count="20" type="cond" truecount="1" falsecount="0"/>
      <line num="43" count="25" type="stmt"/>
      <line num="46" count="25" type="stmt"/>
      <line num="48" count="25" type="cond" truecount="2" falsecount="0"/>
      <line num="49" count="20" type="stmt"/>
      <line num="50" count="40" type="stmt"/>
      <line num="52" count="6" type="stmt"/>
      <line num="55" count="20" type="stmt"/>
      <line num="60" count="20" type="stmt"/>
      <line num="65" count="20" type="stmt"/>
      <line num="66" count="20" type="stmt"/>
      <line num="67" count="20" type="stmt"/>
      <line num="68" count="20" type="stmt"/>
      <line num="69" count="20" type="stmt"/>
      <line num="70" count="20" type="stmt"/>
      <line num="71" count="20" type="stmt"/>
      <line num="72" count="20" type="stmt"/>
      <line num="73" count="20" type="stmt"/>
      <line num="74" count="20" type="stmt"/>
      <line num="76" count="20" type="stmt"/>
      <line num="77" count="20" type="stmt"/>
      <line num="79" count="20" type="cond" truecount="1" falsecount="0"/>
      <line num="80" count="20" type="stmt"/>
      <line num="82" count="20" type="stmt"/>
      <line num="83" count="0" type="stmt"/>
      <line num="91" count="20" type="stmt"/>
      <line num="95" count="5" type="stmt"/>
      <line num="97" count="5" type="cond" truecount="1" falsecount="0"/>
      <line num="99" count="5" type="stmt"/>
      <line num="101" count="25" type="cond" truecount="1" falsecount="0"/>
      <line num="103" count="25" type="stmt"/>
      <line num="105" count="25" type="stmt"/>
      <line num="107" count="0" type="stmt"/>
      <line num="111" count="0" type="stmt"/>
      <line num="117" count="0" type="stmt"/>
      <line num="125" count="25" type="stmt"/>
    </file>
  </project>
</coverage>
