{"/home/shailen/Desktop/Personal/vue-view-model-api/src/plugin.js": {"path":"/home/shailen/Desktop/Personal/vue-view-model-api/src/plugin.js","statementMap":{"0":{"start":{"line":1,"column":25},"end":{"line":10,"column":1}},"1":{"start":{"line":2,"column":2},"end":{"line":9,"column":3}},"2":{"start":{"line":3,"column":4},"end":{"line":6,"column":5}},"3":{"start":{"line":5,"column":18},"end":{"line":5,"column":26}},"4":{"start":{"line":8,"column":4},"end":{"line":8,"column":50}},"5":{"start":{"line":8,"column":41},"end":{"line":8,"column":49}},"6":{"start":{"line":12,"column":20},"end":{"line":22,"column":1}},"7":{"start":{"line":13,"column":20},"end":{"line":13,"column":41}},"8":{"start":{"line":15,"column":2},"end":{"line":17,"column":3}},"9":{"start":{"line":16,"column":4},"end":{"line":16,"column":26}},"10":{"start":{"line":19,"column":2},"end":{"line":21,"column":3}},"11":{"start":{"line":20,"column":4},"end":{"line":20,"column":68}},"12":{"start":{"line":20,"column":42},"end":{"line":20,"column":68}},"13":{"start":{"line":24,"column":42},"end":{"line":93,"column":1}},"14":{"start":{"line":25,"column":29},"end":{"line":25,"column":40}},"15":{"start":{"line":43,"column":6},"end":{"line":43,"column":15}},"16":{"start":{"line":27,"column":18},"end":{"line":27,"column":20}},"17":{"start":{"line":31,"column":23},"end":{"line":31,"column":25}},"18":{"start":{"line":46,"column":2},"end":{"line":46,"column":18}},"19":{"start":{"line":48,"column":2},"end":{"line":92,"column":3}},"20":{"start":{"line":49,"column":43},"end":{"line":53,"column":12}},"21":{"start":{"line":50,"column":19},"end":{"line":53,"column":11}},"22":{"start":{"line":50,"column":64},"end":{"line":53,"column":5}},"23":{"start":{"line":52,"column":26},"end":{"line":52,"column":50}},"24":{"start":{"line":55,"column":4},"end":{"line":58,"column":5}},"25":{"start":{"line":60,"column":4},"end":{"line":63,"column":5}},"26":{"start":{"line":65,"column":4},"end":{"line":65,"column":44}},"27":{"start":{"line":66,"column":4},"end":{"line":66,"column":52}},"28":{"start":{"line":67,"column":4},"end":{"line":67,"column":44}},"29":{"start":{"line":68,"column":4},"end":{"line":68,"column":54}},"30":{"start":{"line":69,"column":4},"end":{"line":69,"column":44}},"31":{"start":{"line":70,"column":4},"end":{"line":70,"column":56}},"32":{"start":{"line":71,"column":4},"end":{"line":71,"column":48}},"33":{"start":{"line":72,"column":4},"end":{"line":72,"column":48}},"34":{"start":{"line":73,"column":4},"end":{"line":73,"column":52}},"35":{"start":{"line":74,"column":4},"end":{"line":74,"column":56}},"36":{"start":{"line":76,"column":28},"end":{"line":76,"column":41}},"37":{"start":{"line":77,"column":26},"end":{"line":77,"column":54}},"38":{"start":{"line":79,"column":44},"end":{"line":79,"column":55}},"39":{"start":{"line":79,"column":36},"end":{"line":79,"column":38}},"40":{"start":{"line":80,"column":4},"end":{"line":80,"column":69}},"41":{"start":{"line":80,"column":30},"end":{"line":80,"column":68}},"42":{"start":{"line":82,"column":4},"end":{"line":89,"column":5}},"43":{"start":{"line":83,"column":6},"end":{"line":88,"column":8}},"44":{"start":{"line":91,"column":4},"end":{"line":91,"column":26}},"45":{"start":{"line":95,"column":31},"end":{"line":129,"column":1}},"46":{"start":{"line":97,"column":31},"end":{"line":97,"column":38}},"47":{"start":{"line":99,"column":4},"end":{"line":127,"column":6}},"48":{"start":{"line":101,"column":35},"end":{"line":101,"column":48}},"49":{"start":{"line":103,"column":19},"end":{"line":103,"column":23}},"50":{"start":{"line":105,"column":8},"end":{"line":123,"column":9}},"51":{"start":{"line":107,"column":10},"end":{"line":122,"column":12}},"52":{"start":{"line":111,"column":14},"end":{"line":114,"column":15}},"53":{"start":{"line":117,"column":14},"end":{"line":120,"column":15}},"54":{"start":{"line":125,"column":8},"end":{"line":125,"column":54}}},"fnMap":{"0":{"name":"(anonymous_0)","decl":{"start":{"line":1,"column":25},"end":{"line":1,"column":26}},"loc":{"start":{"line":1,"column":49},"end":{"line":10,"column":1}},"line":1},"1":{"name":"(anonymous_1)","decl":{"start":{"line":5,"column":6},"end":{"line":5,"column":7}},"loc":{"start":{"line":5,"column":18},"end":{"line":5,"column":26}},"line":5},"2":{"name":"(anonymous_2)","decl":{"start":{"line":8,"column":29},"end":{"line":8,"column":30}},"loc":{"start":{"line":8,"column":41},"end":{"line":8,"column":49}},"line":8},"3":{"name":"(anonymous_3)","decl":{"start":{"line":12,"column":20},"end":{"line":12,"column":21}},"loc":{"start":{"line":12,"column":38},"end":{"line":22,"column":1}},"line":12},"4":{"name":"(anonymous_4)","decl":{"start":{"line":20,"column":29},"end":{"line":20,"column":30}},"loc":{"start":{"line":20,"column":42},"end":{"line":20,"column":68}},"line":20},"5":{"name":"(anonymous_5)","decl":{"start":{"line":24,"column":42},"end":{"line":24,"column":43}},"loc":{"start":{"line":24,"column":59},"end":{"line":93,"column":1}},"line":24},"6":{"name":"(anonymous_6)","decl":{"start":{"line":27,"column":11},"end":{"line":27,"column":12}},"loc":{"start":{"line":27,"column":18},"end":{"line":27,"column":20}},"line":27},"7":{"name":"(anonymous_7)","decl":{"start":{"line":31,"column":16},"end":{"line":31,"column":17}},"loc":{"start":{"line":31,"column":23},"end":{"line":31,"column":25}},"line":31},"8":{"name":"(anonymous_8)","decl":{"start":{"line":32,"column":19},"end":{"line":32,"column":20}},"loc":{"start":{"line":32,"column":25},"end":{"line":32,"column":27}},"line":32},"9":{"name":"(anonymous_9)","decl":{"start":{"line":33,"column":14},"end":{"line":33,"column":15}},"loc":{"start":{"line":33,"column":20},"end":{"line":33,"column":22}},"line":33},"10":{"name":"(anonymous_10)","decl":{"start":{"line":34,"column":18},"end":{"line":34,"column":19}},"loc":{"start":{"line":34,"column":24},"end":{"line":34,"column":26}},"line":34},"11":{"name":"(anonymous_11)","decl":{"start":{"line":35,"column":14},"end":{"line":35,"column":15}},"loc":{"start":{"line":35,"column":20},"end":{"line":35,"column":22}},"line":35},"12":{"name":"(anonymous_12)","decl":{"start":{"line":36,"column":19},"end":{"line":36,"column":20}},"loc":{"start":{"line":36,"column":25},"end":{"line":36,"column":27}},"line":36},"13":{"name":"(anonymous_13)","decl":{"start":{"line":37,"column":14},"end":{"line":37,"column":15}},"loc":{"start":{"line":37,"column":20},"end":{"line":37,"column":22}},"line":37},"14":{"name":"(anonymous_14)","decl":{"start":{"line":38,"column":20},"end":{"line":38,"column":21}},"loc":{"start":{"line":38,"column":26},"end":{"line":38,"column":28}},"line":38},"15":{"name":"(anonymous_15)","decl":{"start":{"line":39,"column":15},"end":{"line":39,"column":16}},"loc":{"start":{"line":39,"column":21},"end":{"line":39,"column":23}},"line":39},"16":{"name":"(anonymous_16)","decl":{"start":{"line":40,"column":16},"end":{"line":40,"column":17}},"loc":{"start":{"line":40,"column":22},"end":{"line":40,"column":24}},"line":40},"17":{"name":"(anonymous_17)","decl":{"start":{"line":41,"column":18},"end":{"line":41,"column":19}},"loc":{"start":{"line":41,"column":24},"end":{"line":41,"column":26}},"line":41},"18":{"name":"(anonymous_18)","decl":{"start":{"line":42,"column":20},"end":{"line":42,"column":21}},"loc":{"start":{"line":42,"column":26},"end":{"line":42,"column":28}},"line":42},"19":{"name":"(anonymous_19)","decl":{"start":{"line":50,"column":9},"end":{"line":50,"column":10}},"loc":{"start":{"line":50,"column":19},"end":{"line":53,"column":11}},"line":50},"20":{"name":"(anonymous_20)","decl":{"start":{"line":50,"column":46},"end":{"line":50,"column":47}},"loc":{"start":{"line":50,"column":64},"end":{"line":53,"column":5}},"line":50},"21":{"name":"(anonymous_21)","decl":{"start":{"line":52,"column":13},"end":{"line":52,"column":14}},"loc":{"start":{"line":52,"column":26},"end":{"line":52,"column":50}},"line":52},"22":{"name":"(anonymous_22)","decl":{"start":{"line":79,"column":29},"end":{"line":79,"column":30}},"loc":{"start":{"line":79,"column":36},"end":{"line":79,"column":38}},"line":79},"23":{"name":"(anonymous_23)","decl":{"start":{"line":80,"column":23},"end":{"line":80,"column":24}},"loc":{"start":{"line":80,"column":30},"end":{"line":80,"column":68}},"line":80},"24":{"name":"(anonymous_24)","decl":{"start":{"line":96,"column":2},"end":{"line":96,"column":3}},"loc":{"start":{"line":96,"column":29},"end":{"line":128,"column":3}},"line":96},"25":{"name":"(anonymous_25)","decl":{"start":{"line":100,"column":6},"end":{"line":100,"column":7}},"loc":{"start":{"line":100,"column":21},"end":{"line":126,"column":7}},"line":100},"26":{"name":"(anonymous_26)","decl":{"start":{"line":110,"column":12},"end":{"line":110,"column":13}},"loc":{"start":{"line":110,"column":34},"end":{"line":115,"column":13}},"line":110},"27":{"name":"(anonymous_27)","decl":{"start":{"line":116,"column":12},"end":{"line":116,"column":13}},"loc":{"start":{"line":116,"column":36},"end":{"line":121,"column":13}},"line":116}},"branchMap":{"0":{"loc":{"start":{"line":2,"column":2},"end":{"line":9,"column":3}},"type":"if","locations":[{"start":{"line":2,"column":2},"end":{"line":9,"column":3}},{"start":{"line":2,"column":2},"end":{"line":9,"column":3}}],"line":2},"1":{"loc":{"start":{"line":15,"column":2},"end":{"line":17,"column":3}},"type":"if","locations":[{"start":{"line":15,"column":2},"end":{"line":17,"column":3}},{"start":{"line":15,"column":2},"end":{"line":17,"column":3}}],"line":15},"2":{"loc":{"start":{"line":25,"column":10},"end":{"line":25,"column":24}},"type":"default-arg","locations":[{"start":{"line":25,"column":22},"end":{"line":25,"column":24}}],"line":25},"3":{"loc":{"start":{"line":27,"column":4},"end":{"line":27,"column":21}},"type":"default-arg","locations":[{"start":{"line":27,"column":11},"end":{"line":27,"column":21}}],"line":27},"4":{"loc":{"start":{"line":28,"column":4},"end":{"line":28,"column":16}},"type":"default-arg","locations":[{"start":{"line":28,"column":14},"end":{"line":28,"column":16}}],"line":28},"5":{"loc":{"start":{"line":29,"column":4},"end":{"line":29,"column":17}},"type":"default-arg","locations":[{"start":{"line":29,"column":15},"end":{"line":29,"column":17}}],"line":29},"6":{"loc":{"start":{"line":30,"column":4},"end":{"line":30,"column":14}},"type":"default-arg","locations":[{"start":{"line":30,"column":12},"end":{"line":30,"column":14}}],"line":30},"7":{"loc":{"start":{"line":31,"column":4},"end":{"line":31,"column":26}},"type":"default-arg","locations":[{"start":{"line":31,"column":16},"end":{"line":31,"column":26}}],"line":31},"8":{"loc":{"start":{"line":32,"column":4},"end":{"line":32,"column":27}},"type":"default-arg","locations":[{"start":{"line":32,"column":19},"end":{"line":32,"column":27}}],"line":32},"9":{"loc":{"start":{"line":33,"column":4},"end":{"line":33,"column":22}},"type":"default-arg","locations":[{"start":{"line":33,"column":14},"end":{"line":33,"column":22}}],"line":33},"10":{"loc":{"start":{"line":34,"column":4},"end":{"line":34,"column":26}},"type":"default-arg","locations":[{"start":{"line":34,"column":18},"end":{"line":34,"column":26}}],"line":34},"11":{"loc":{"start":{"line":35,"column":4},"end":{"line":35,"column":22}},"type":"default-arg","locations":[{"start":{"line":35,"column":14},"end":{"line":35,"column":22}}],"line":35},"12":{"loc":{"start":{"line":36,"column":4},"end":{"line":36,"column":27}},"type":"default-arg","locations":[{"start":{"line":36,"column":19},"end":{"line":36,"column":27}}],"line":36},"13":{"loc":{"start":{"line":37,"column":4},"end":{"line":37,"column":22}},"type":"default-arg","locations":[{"start":{"line":37,"column":14},"end":{"line":37,"column":22}}],"line":37},"14":{"loc":{"start":{"line":38,"column":4},"end":{"line":38,"column":28}},"type":"default-arg","locations":[{"start":{"line":38,"column":20},"end":{"line":38,"column":28}}],"line":38},"15":{"loc":{"start":{"line":39,"column":4},"end":{"line":39,"column":23}},"type":"default-arg","locations":[{"start":{"line":39,"column":15},"end":{"line":39,"column":23}}],"line":39},"16":{"loc":{"start":{"line":40,"column":4},"end":{"line":40,"column":24}},"type":"default-arg","locations":[{"start":{"line":40,"column":16},"end":{"line":40,"column":24}}],"line":40},"17":{"loc":{"start":{"line":41,"column":4},"end":{"line":41,"column":26}},"type":"default-arg","locations":[{"start":{"line":41,"column":18},"end":{"line":41,"column":26}}],"line":41},"18":{"loc":{"start":{"line":42,"column":4},"end":{"line":42,"column":28}},"type":"default-arg","locations":[{"start":{"line":42,"column":20},"end":{"line":42,"column":28}}],"line":42},"19":{"loc":{"start":{"line":48,"column":2},"end":{"line":92,"column":3}},"type":"if","locations":[{"start":{"line":48,"column":2},"end":{"line":92,"column":3}},{"start":{"line":48,"column":2},"end":{"line":92,"column":3}}],"line":48},"20":{"loc":{"start":{"line":79,"column":18},"end":{"line":79,"column":39}},"type":"default-arg","locations":[{"start":{"line":79,"column":29},"end":{"line":79,"column":39}}],"line":79},"21":{"loc":{"start":{"line":96,"column":15},"end":{"line":96,"column":27}},"type":"default-arg","locations":[{"start":{"line":96,"column":25},"end":{"line":96,"column":27}}],"line":96},"22":{"loc":{"start":{"line":97,"column":12},"end":{"line":97,"column":26}},"type":"default-arg","locations":[{"start":{"line":97,"column":24},"end":{"line":97,"column":26}}],"line":97},"23":{"loc":{"start":{"line":101,"column":16},"end":{"line":101,"column":30}},"type":"default-arg","locations":[{"start":{"line":101,"column":28},"end":{"line":101,"column":30}}],"line":101}},"s":{"0":5,"1":200,"2":0,"3":0,"4":200,"5":69,"6":5,"7":20,"8":20,"9":20,"10":20,"11":1,"12":1,"13":5,"14":25,"15":25,"16":11,"17":20,"18":25,"19":25,"20":20,"21":40,"22":5,"23":6,"24":20,"25":20,"26":20,"27":20,"28":20,"29":20,"30":20,"31":20,"32":20,"33":20,"34":20,"35":20,"36":20,"37":20,"38":20,"39":19,"40":20,"41":20,"42":20,"43":0,"44":20,"45":5,"46":5,"47":5,"48":25,"49":25,"50":25,"51":0,"52":0,"53":0,"54":25},"f":{"0":200,"1":0,"2":69,"3":20,"4":1,"5":25,"6":11,"7":20,"8":22,"9":19,"10":6,"11":4,"12":1,"13":1,"14":12,"15":12,"16":1,"17":1,"18":0,"19":40,"20":5,"21":6,"22":19,"23":20,"24":5,"25":25,"26":0,"27":0},"b":{"0":[0,200],"1":[20,0],"2":[5],"3":[16],"4":[22],"5":[23],"6":[24],"7":[25],"8":[22],"9":[24],"10":[24],"11":[22],"12":[24],"13":[24],"14":[24],"15":[23],"16":[24],"17":[24],"18":[24],"19":[20,5],"20":[19],"21":[5],"22":[5],"23":[5]},"_coverageSchema":"1a1c01bbd47fc00a2c39e90264f33305004495a9","hash":"f131a175b857e77bdf4ce4affe18a20ca4b35111"}
}
