TN:
SF:src/plugin.js
FN:1,(anonymous_0)
FN:5,(anonymous_1)
FN:8,(anonymous_2)
FN:12,(anonymous_3)
FN:20,(anonymous_4)
FN:24,(anonymous_5)
FN:27,(anonymous_6)
FN:31,(anonymous_7)
FN:32,(anonymous_8)
FN:33,(anonymous_9)
FN:34,(anonymous_10)
FN:35,(anonymous_11)
FN:36,(anonymous_12)
FN:37,(anonymous_13)
FN:38,(anonymous_14)
FN:39,(anonymous_15)
FN:40,(anonymous_16)
FN:41,(anonymous_17)
FN:42,(anonymous_18)
FN:50,(anonymous_19)
FN:50,(anonymous_20)
FN:52,(anonymous_21)
FN:79,(anonymous_22)
FN:80,(anonymous_23)
FN:96,(anonymous_24)
FN:100,(anonymous_25)
FN:110,(anonymous_26)
FN:116,(anonymous_27)
FNF:28
FNH:24
FNDA:200,(anonymous_0)
FNDA:0,(anonymous_1)
FNDA:69,(anonymous_2)
FNDA:20,(anonymous_3)
FNDA:1,(anonymous_4)
FNDA:25,(anonymous_5)
FNDA:11,(anonymous_6)
FNDA:20,(anonymous_7)
FNDA:22,(anonymous_8)
FNDA:19,(anonymous_9)
FNDA:6,(anonymous_10)
FNDA:4,(anonymous_11)
FNDA:1,(anonymous_12)
FNDA:1,(anonymous_13)
FNDA:12,(anonymous_14)
FNDA:12,(anonymous_15)
FNDA:1,(anonymous_16)
FNDA:1,(anonymous_17)
FNDA:0,(anonymous_18)
FNDA:40,(anonymous_19)
FNDA:5,(anonymous_20)
FNDA:6,(anonymous_21)
FNDA:19,(anonymous_22)
FNDA:20,(anonymous_23)
FNDA:5,(anonymous_24)
FNDA:25,(anonymous_25)
FNDA:0,(anonymous_26)
FNDA:0,(anonymous_27)
DA:1,5
DA:2,200
DA:3,0
DA:5,0
DA:8,200
DA:12,5
DA:13,20
DA:15,20
DA:16,20
DA:19,20
DA:20,1
DA:24,5
DA:25,25
DA:27,11
DA:31,20
DA:43,25
DA:46,25
DA:48,25
DA:49,20
DA:50,40
DA:52,6
DA:55,20
DA:60,20
DA:65,20
DA:66,20
DA:67,20
DA:68,20
DA:69,20
DA:70,20
DA:71,20
DA:72,20
DA:73,20
DA:74,20
DA:76,20
DA:77,20
DA:79,20
DA:80,20
DA:82,20
DA:83,0
DA:91,20
DA:95,5
DA:97,5
DA:99,5
DA:101,25
DA:103,25
DA:105,25
DA:107,0
DA:111,0
DA:117,0
DA:125,25
LF:50
LH:44
BRDA:2,0,0,0
BRDA:2,0,1,200
BRDA:15,1,0,20
BRDA:15,1,1,0
BRDA:25,2,0,5
BRDA:27,3,0,16
BRDA:28,4,0,22
BRDA:29,5,0,23
BRDA:30,6,0,24
BRDA:31,7,0,25
BRDA:32,8,0,22
BRDA:33,9,0,24
BRDA:34,10,0,24
BRDA:35,11,0,22
BRDA:36,12,0,24
BRDA:37,13,0,24
BRDA:38,14,0,24
BRDA:39,15,0,23
BRDA:40,16,0,24
BRDA:41,17,0,24
BRDA:42,18,0,24
BRDA:48,19,0,20
BRDA:48,19,1,5
BRDA:79,20,0,19
BRDA:96,21,0,5
BRDA:97,22,0,5
BRDA:101,23,0,5
BRF:27
BRH:25
end_of_record
